<?xml version="1.0" encoding="UTF-8"?>
<testng-results ignored="0" total="1" passed="1" failed="0" skipped="0">
  <reporter-output>
  </reporter-output>
  <suite started-at="2025-05-14T13:34:44 CEST" name="Surefire suite" finished-at="2025-05-14T13:35:06 CEST" duration-ms="22080">
    <groups>
    </groups>
    <test started-at="2025-05-14T13:34:44 CEST" name="Surefire test" finished-at="2025-05-14T13:35:06 CEST" duration-ms="22080">
      <class name="tests.Tc10LeaveAssignLeaveTest">
        <test-method is-config="true" signature="setUp()[pri:0, instance:tests.Tc10LeaveAssignLeaveTest@7adda9cc]" started-at="2025-05-14T13:34:44 CEST" name="setUp" finished-at="2025-05-14T13:34:48 CEST" duration-ms="3600" status="PASS">
          <reporter-output>
          </reporter-output>
        </test-method> <!-- setUp -->
        <test-method signature="assignSpecificLeave()[pri:0, instance:tests.Tc10LeaveAssignLeaveTest@7adda9cc]" started-at="2025-05-14T13:34:48 CEST" name="assignSpecificLeave" finished-at="2025-05-14T13:35:06 CEST" duration-ms="18163" status="PASS">
          <reporter-output>
          </reporter-output>
        </test-method> <!-- assignSpecificLeave -->
        <test-method is-config="true" signature="tearDown()[pri:0, instance:tests.Tc10LeaveAssignLeaveTest@7adda9cc]" started-at="2025-05-14T13:35:06 CEST" name="tearDown" finished-at="2025-05-14T13:35:06 CEST" duration-ms="274" status="PASS">
          <reporter-output>
          </reporter-output>
        </test-method> <!-- tearDown -->
      </class> <!-- tests.Tc10LeaveAssignLeaveTest -->
    </test> <!-- Surefire test -->
  </suite> <!-- Surefire suite -->
</testng-results>
