<?xml version="1.0" encoding="UTF-8"?>
<testng-results ignored="0" total="2" passed="2" failed="0" skipped="0">
  <reporter-output>
  </reporter-output>
  <suite started-at="2025-04-23T14:18:24 CEST" name="OrangeHRM Test Suite" finished-at="2025-04-23T14:18:44 CEST" duration-ms="19276">
    <groups>
    </groups>
    <test started-at="2025-04-23T14:18:24 CEST" name="OrangeHRM Tests" finished-at="2025-04-23T14:18:44 CEST" duration-ms="19276">
      <class name="com.tuempresa.orangehrm.AddEmployeeTest">
        <test-method is-config="true" signature="setUp()[pri:0, instance:com.tuempresa.orangehrm.AddEmployeeTest@7c7b252e]" started-at="2025-04-23T14:18:31 CEST" name="setUp" finished-at="2025-04-23T14:18:32 CEST" duration-ms="897" status="PASS">
          <reporter-output>
          </reporter-output>
        </test-method> <!-- setUp -->
        <test-method signature="testAgregarEmpleado()[pri:0, instance:com.tuempresa.orangehrm.AddEmployeeTest@7c7b252e]" started-at="2025-04-23T14:18:32 CEST" name="testAgregarEmpleado" finished-at="2025-04-23T14:18:44 CEST" duration-ms="11793" status="PASS">
          <reporter-output>
          </reporter-output>
        </test-method> <!-- testAgregarEmpleado -->
        <test-method is-config="true" signature="tearDown()[pri:0, instance:com.tuempresa.orangehrm.AddEmployeeTest@7c7b252e]" started-at="2025-04-23T14:18:44 CEST" name="tearDown" finished-at="2025-04-23T14:18:44 CEST" duration-ms="1" status="PASS">
          <reporter-output>
          </reporter-output>
        </test-method> <!-- tearDown -->
      </class> <!-- com.tuempresa.orangehrm.AddEmployeeTest -->
      <class name="com.tuempresa.orangehrm.LoginTest">
        <test-method is-config="true" signature="setUp()[pri:0, instance:com.tuempresa.orangehrm.LoginTest@8f4ea7c]" started-at="2025-04-23T14:18:24 CEST" name="setUp" finished-at="2025-04-23T14:18:28 CEST" duration-ms="4076" status="PASS">
          <reporter-output>
          </reporter-output>
        </test-method> <!-- setUp -->
        <test-method signature="testLoginExitoso()[pri:0, instance:com.tuempresa.orangehrm.LoginTest@8f4ea7c]" started-at="2025-04-23T14:18:28 CEST" name="testLoginExitoso" finished-at="2025-04-23T14:18:31 CEST" duration-ms="2445" status="PASS">
          <reporter-output>
          </reporter-output>
        </test-method> <!-- testLoginExitoso -->
        <test-method is-config="true" signature="tearDown()[pri:0, instance:com.tuempresa.orangehrm.LoginTest@8f4ea7c]" started-at="2025-04-23T14:18:31 CEST" name="tearDown" finished-at="2025-04-23T14:18:31 CEST" duration-ms="0" status="PASS">
          <reporter-output>
          </reporter-output>
        </test-method> <!-- tearDown -->
      </class> <!-- com.tuempresa.orangehrm.LoginTest -->
    </test> <!-- OrangeHRM Tests -->
  </suite> <!-- OrangeHRM Test Suite -->
</testng-results>
